<?xml version="1.0" encoding="UTF-8"?>
<testsuites>
  <testsuite name="Project Test Suite" tests="132" assertions="168" errors="0" failures="0" skipped="0" time="15.816991">
    <testsuite name="App\Tests\Controller\ShopFeatureTest" file="/Users/vaisakhpc/code/tests/inz/symfony/tests/Controller/ShopFeatureTest.php" tests="10" assertions="20" errors="0" failures="0" skipped="0" time="14.757213">
      <testcase name="testFetchProducts" class="App\Tests\Controller\ShopFeatureTest" classname="App.Tests.Controller.ShopFeatureTest" file="/Users/vaisakhpc/code/tests/inz/symfony/tests/Controller/ShopFeatureTest.php" line="76" assertions="2" time="2.814873"/>
      <testcase name="testFetchProductBySku" class="App\Tests\Controller\ShopFeatureTest" classname="App.Tests.Controller.ShopFeatureTest" file="/Users/vaisakhpc/code/tests/inz/symfony/tests/Controller/ShopFeatureTest.php" line="90" assertions="2" time="1.312603"/>
      <testcase name="testAddProduct" class="App\Tests\Controller\ShopFeatureTest" classname="App.Tests.Controller.ShopFeatureTest" file="/Users/vaisakhpc/code/tests/inz/symfony/tests/Controller/ShopFeatureTest.php" line="104" assertions="2" time="0.609625"/>
      <testcase name="testCreateBundle" class="App\Tests\Controller\ShopFeatureTest" classname="App.Tests.Controller.ShopFeatureTest" file="/Users/vaisakhpc/code/tests/inz/symfony/tests/Controller/ShopFeatureTest.php" line="137" assertions="2" time="1.499573"/>
      <testcase name="testRemoveProduct" class="App\Tests\Controller\ShopFeatureTest" classname="App.Tests.Controller.ShopFeatureTest" file="/Users/vaisakhpc/code/tests/inz/symfony/tests/Controller/ShopFeatureTest.php" line="174" assertions="2" time="1.306000"/>
      <testcase name="testSetPrice" class="App\Tests\Controller\ShopFeatureTest" classname="App.Tests.Controller.ShopFeatureTest" file="/Users/vaisakhpc/code/tests/inz/symfony/tests/Controller/ShopFeatureTest.php" line="194" assertions="2" time="1.285670"/>
      <testcase name="testSetDiscount" class="App\Tests\Controller\ShopFeatureTest" classname="App.Tests.Controller.ShopFeatureTest" file="/Users/vaisakhpc/code/tests/inz/symfony/tests/Controller/ShopFeatureTest.php" line="220" assertions="2" time="1.325943"/>
      <testcase name="testRemoveDiscount" class="App\Tests\Controller\ShopFeatureTest" classname="App.Tests.Controller.ShopFeatureTest" file="/Users/vaisakhpc/code/tests/inz/symfony/tests/Controller/ShopFeatureTest.php" line="248" assertions="2" time="1.225174"/>
      <testcase name="testSubmitOrder" class="App\Tests\Controller\ShopFeatureTest" classname="App.Tests.Controller.ShopFeatureTest" file="/Users/vaisakhpc/code/tests/inz/symfony/tests/Controller/ShopFeatureTest.php" line="269" assertions="2" time="1.358119"/>
      <testcase name="testGetOrder" class="App\Tests\Controller\ShopFeatureTest" classname="App.Tests.Controller.ShopFeatureTest" file="/Users/vaisakhpc/code/tests/inz/symfony/tests/Controller/ShopFeatureTest.php" line="299" assertions="2" time="2.019633"/>
    </testsuite>
    <testsuite name="Tests\App\Domain\ShopDomainTest" file="/Users/vaisakhpc/code/tests/inz/symfony/tests/Domain/ShopDomainTest.php" tests="10" assertions="10" errors="0" failures="0" skipped="0" time="0.193838">
      <testcase name="testFetchProductList" class="Tests\App\Domain\ShopDomainTest" classname="Tests.App.Domain.ShopDomainTest" file="/Users/vaisakhpc/code/tests/inz/symfony/tests/Domain/ShopDomainTest.php" line="100" assertions="1" time="0.140541"/>
      <testcase name="testFetchProductBySku" class="Tests\App\Domain\ShopDomainTest" classname="Tests.App.Domain.ShopDomainTest" file="/Users/vaisakhpc/code/tests/inz/symfony/tests/Domain/ShopDomainTest.php" line="109" assertions="1" time="0.006292"/>
      <testcase name="testAddProducts" class="Tests\App\Domain\ShopDomainTest" classname="Tests.App.Domain.ShopDomainTest" file="/Users/vaisakhpc/code/tests/inz/symfony/tests/Domain/ShopDomainTest.php" line="118" assertions="1" time="0.005995"/>
      <testcase name="testCreateBundle" class="Tests\App\Domain\ShopDomainTest" classname="Tests.App.Domain.ShopDomainTest" file="/Users/vaisakhpc/code/tests/inz/symfony/tests/Domain/ShopDomainTest.php" line="127" assertions="1" time="0.005709"/>
      <testcase name="testRemoveProduct" class="Tests\App\Domain\ShopDomainTest" classname="Tests.App.Domain.ShopDomainTest" file="/Users/vaisakhpc/code/tests/inz/symfony/tests/Domain/ShopDomainTest.php" line="136" assertions="1" time="0.005601"/>
      <testcase name="testSetPrice" class="Tests\App\Domain\ShopDomainTest" classname="Tests.App.Domain.ShopDomainTest" file="/Users/vaisakhpc/code/tests/inz/symfony/tests/Domain/ShopDomainTest.php" line="145" assertions="1" time="0.005853"/>
      <testcase name="testSetDiscount" class="Tests\App\Domain\ShopDomainTest" classname="Tests.App.Domain.ShopDomainTest" file="/Users/vaisakhpc/code/tests/inz/symfony/tests/Domain/ShopDomainTest.php" line="154" assertions="1" time="0.005936"/>
      <testcase name="testRemoveDiscount" class="Tests\App\Domain\ShopDomainTest" classname="Tests.App.Domain.ShopDomainTest" file="/Users/vaisakhpc/code/tests/inz/symfony/tests/Domain/ShopDomainTest.php" line="163" assertions="1" time="0.006249"/>
      <testcase name="testSubmitOrder" class="Tests\App\Domain\ShopDomainTest" classname="Tests.App.Domain.ShopDomainTest" file="/Users/vaisakhpc/code/tests/inz/symfony/tests/Domain/ShopDomainTest.php" line="172" assertions="1" time="0.005716"/>
      <testcase name="testGetOrder" class="Tests\App\Domain\ShopDomainTest" classname="Tests.App.Domain.ShopDomainTest" file="/Users/vaisakhpc/code/tests/inz/symfony/tests/Domain/ShopDomainTest.php" line="181" assertions="1" time="0.005946"/>
    </testsuite>
    <testsuite name="Tests\App\Domain\UserDomainTest" file="/Users/vaisakhpc/code/tests/inz/symfony/tests/Domain/UserDomainTest.php" tests="1" assertions="1" errors="0" failures="0" skipped="0" time="0.016281">
      <testcase name="testFetchUserInfo" class="Tests\App\Domain\UserDomainTest" classname="Tests.App.Domain.UserDomainTest" file="/Users/vaisakhpc/code/tests/inz/symfony/tests/Domain/UserDomainTest.php" line="29" assertions="1" time="0.016281"/>
    </testsuite>
    <testsuite name="Tests\App\EventListener\ApiExceptionSubscriberTest" file="/Users/vaisakhpc/code/tests/inz/symfony/tests/EventListener/ApiExceptionSubscriberTest.php" tests="4" assertions="7" errors="0" failures="0" skipped="0" time="0.043455">
      <testcase name="testgetSubscribedEvents" class="Tests\App\EventListener\ApiExceptionSubscriberTest" classname="Tests.App.EventListener.ApiExceptionSubscriberTest" file="/Users/vaisakhpc/code/tests/inz/symfony/tests/EventListener/ApiExceptionSubscriberTest.php" line="20" assertions="1" time="0.002344"/>
      <testcase name="testOnKernelExceptionForHttpException" class="Tests\App\EventListener\ApiExceptionSubscriberTest" classname="Tests.App.EventListener.ApiExceptionSubscriberTest" file="/Users/vaisakhpc/code/tests/inz/symfony/tests/EventListener/ApiExceptionSubscriberTest.php" line="27" assertions="2" time="0.027121"/>
      <testcase name="testOnKernelExceptionForErrorException" class="Tests\App\EventListener\ApiExceptionSubscriberTest" classname="Tests.App.EventListener.ApiExceptionSubscriberTest" file="/Users/vaisakhpc/code/tests/inz/symfony/tests/EventListener/ApiExceptionSubscriberTest.php" line="42" assertions="2" time="0.006962"/>
      <testcase name="testOnKernelExceptionForGeneralException" class="Tests\App\EventListener\ApiExceptionSubscriberTest" classname="Tests.App.EventListener.ApiExceptionSubscriberTest" file="/Users/vaisakhpc/code/tests/inz/symfony/tests/EventListener/ApiExceptionSubscriberTest.php" line="57" assertions="2" time="0.007028"/>
    </testsuite>
    <testsuite name="Tests\App\Model\BundleCollectionTest" file="/Users/vaisakhpc/code/tests/inz/symfony/tests/Model/BundleCollectionTest.php" tests="3" assertions="3" errors="0" failures="0" skipped="0" time="0.006629">
      <testcase name="testAddMethod" class="Tests\App\Model\BundleCollectionTest" classname="Tests.App.Model.BundleCollectionTest" file="/Users/vaisakhpc/code/tests/inz/symfony/tests/Model/BundleCollectionTest.php" line="24" assertions="1" time="0.002239"/>
      <testcase name="testcountMethod" class="Tests\App\Model\BundleCollectionTest" classname="Tests.App.Model.BundleCollectionTest" file="/Users/vaisakhpc/code/tests/inz/symfony/tests/Model/BundleCollectionTest.php" line="32" assertions="1" time="0.002161"/>
      <testcase name="testJsonSerialize" class="Tests\App\Model\BundleCollectionTest" classname="Tests.App.Model.BundleCollectionTest" file="/Users/vaisakhpc/code/tests/inz/symfony/tests/Model/BundleCollectionTest.php" line="41" assertions="1" time="0.002229"/>
    </testsuite>
    <testsuite name="Tests\App\Model\BundleTest" file="/Users/vaisakhpc/code/tests/inz/symfony/tests/Model/BundleTest.php" tests="3" assertions="4" errors="0" failures="0" skipped="0" time="0.007205">
      <testcase name="testGetSku" class="Tests\App\Model\BundleTest" classname="Tests.App.Model.BundleTest" file="/Users/vaisakhpc/code/tests/inz/symfony/tests/Model/BundleTest.php" line="18" assertions="1" time="0.002440"/>
      <testcase name="testGetOriginalPrice" class="Tests\App\Model\BundleTest" classname="Tests.App.Model.BundleTest" file="/Users/vaisakhpc/code/tests/inz/symfony/tests/Model/BundleTest.php" line="24" assertions="1" time="0.002276"/>
      <testcase name="testJsonSerialize" class="Tests\App\Model\BundleTest" classname="Tests.App.Model.BundleTest" file="/Users/vaisakhpc/code/tests/inz/symfony/tests/Model/BundleTest.php" line="30" assertions="2" time="0.002489"/>
    </testsuite>
    <testsuite name="Tests\App\Model\DiscountTest" file="/Users/vaisakhpc/code/tests/inz/symfony/tests/Model/DiscountTest.php" tests="5" assertions="8" errors="0" failures="0" skipped="0" time="0.011648">
      <testcase name="testGetType" class="Tests\App\Model\DiscountTest" classname="Tests.App.Model.DiscountTest" file="/Users/vaisakhpc/code/tests/inz/symfony/tests/Model/DiscountTest.php" line="18" assertions="1" time="0.002178"/>
      <testcase name="testGetOriginalPrice" class="Tests\App\Model\DiscountTest" classname="Tests.App.Model.DiscountTest" file="/Users/vaisakhpc/code/tests/inz/symfony/tests/Model/DiscountTest.php" line="24" assertions="1" time="0.002216"/>
      <testcase name="testGetLabel" class="Tests\App\Model\DiscountTest" classname="Tests.App.Model.DiscountTest" file="/Users/vaisakhpc/code/tests/inz/symfony/tests/Model/DiscountTest.php" line="30" assertions="1" time="0.002220"/>
      <testcase name="testGetSku" class="Tests\App\Model\DiscountTest" classname="Tests.App.Model.DiscountTest" file="/Users/vaisakhpc/code/tests/inz/symfony/tests/Model/DiscountTest.php" line="36" assertions="1" time="0.002187"/>
      <testcase name="testJsonSerialize" class="Tests\App\Model\DiscountTest" classname="Tests.App.Model.DiscountTest" file="/Users/vaisakhpc/code/tests/inz/symfony/tests/Model/DiscountTest.php" line="42" assertions="4" time="0.002847"/>
    </testsuite>
    <testsuite name="Tests\App\Model\ErrorTest" file="/Users/vaisakhpc/code/tests/inz/symfony/tests/Model/ErrorTest.php" tests="3" assertions="4" errors="0" failures="0" skipped="0" time="0.007268">
      <testcase name="testGetCode" class="Tests\App\Model\ErrorTest" classname="Tests.App.Model.ErrorTest" file="/Users/vaisakhpc/code/tests/inz/symfony/tests/Model/ErrorTest.php" line="18" assertions="1" time="0.002242"/>
      <testcase name="testGetMessage" class="Tests\App\Model\ErrorTest" classname="Tests.App.Model.ErrorTest" file="/Users/vaisakhpc/code/tests/inz/symfony/tests/Model/ErrorTest.php" line="24" assertions="1" time="0.002474"/>
      <testcase name="testJsonSerialize" class="Tests\App\Model\ErrorTest" classname="Tests.App.Model.ErrorTest" file="/Users/vaisakhpc/code/tests/inz/symfony/tests/Model/ErrorTest.php" line="30" assertions="2" time="0.002552"/>
    </testsuite>
    <testsuite name="Tests\App\Model\ItemCollectionTest" file="/Users/vaisakhpc/code/tests/inz/symfony/tests/Model/ItemCollectionTest.php" tests="3" assertions="3" errors="0" failures="0" skipped="0" time="0.009806">
      <testcase name="testAddMethod" class="Tests\App\Model\ItemCollectionTest" classname="Tests.App.Model.ItemCollectionTest" file="/Users/vaisakhpc/code/tests/inz/symfony/tests/Model/ItemCollectionTest.php" line="30" assertions="1" time="0.004506"/>
      <testcase name="testcountMethod" class="Tests\App\Model\ItemCollectionTest" classname="Tests.App.Model.ItemCollectionTest" file="/Users/vaisakhpc/code/tests/inz/symfony/tests/Model/ItemCollectionTest.php" line="38" assertions="1" time="0.002689"/>
      <testcase name="testJsonSerialize" class="Tests\App\Model\ItemCollectionTest" classname="Tests.App.Model.ItemCollectionTest" file="/Users/vaisakhpc/code/tests/inz/symfony/tests/Model/ItemCollectionTest.php" line="47" assertions="1" time="0.002611"/>
    </testsuite>
    <testsuite name="Tests\App\Model\ItemTest" file="/Users/vaisakhpc/code/tests/inz/symfony/tests/Model/ItemTest.php" tests="7" assertions="12" errors="0" failures="0" skipped="0" time="0.023246">
      <testcase name="testGetSku" class="Tests\App\Model\ItemTest" classname="Tests.App.Model.ItemTest" file="/Users/vaisakhpc/code/tests/inz/symfony/tests/Model/ItemTest.php" line="24" assertions="1" time="0.002206"/>
      <testcase name="testGetName" class="Tests\App\Model\ItemTest" classname="Tests.App.Model.ItemTest" file="/Users/vaisakhpc/code/tests/inz/symfony/tests/Model/ItemTest.php" line="30" assertions="1" time="0.002275"/>
      <testcase name="testGetDescription" class="Tests\App\Model\ItemTest" classname="Tests.App.Model.ItemTest" file="/Users/vaisakhpc/code/tests/inz/symfony/tests/Model/ItemTest.php" line="36" assertions="1" time="0.002257"/>
      <testcase name="testGetPrice" class="Tests\App\Model\ItemTest" classname="Tests.App.Model.ItemTest" file="/Users/vaisakhpc/code/tests/inz/symfony/tests/Model/ItemTest.php" line="42" assertions="1" time="0.002226"/>
      <testcase name="testGetBundleFlag" class="Tests\App\Model\ItemTest" classname="Tests.App.Model.ItemTest" file="/Users/vaisakhpc/code/tests/inz/symfony/tests/Model/ItemTest.php" line="48" assertions="1" time="0.002240"/>
      <testcase name="testGetDiscount" class="Tests\App\Model\ItemTest" classname="Tests.App.Model.ItemTest" file="/Users/vaisakhpc/code/tests/inz/symfony/tests/Model/ItemTest.php" line="54" assertions="1" time="0.007923"/>
      <testcase name="testJsonSerialize" class="Tests\App\Model\ItemTest" classname="Tests.App.Model.ItemTest" file="/Users/vaisakhpc/code/tests/inz/symfony/tests/Model/ItemTest.php" line="60" assertions="6" time="0.004119"/>
    </testsuite>
    <testsuite name="Tests\App\Model\MessageTest" file="/Users/vaisakhpc/code/tests/inz/symfony/tests/Model/MessageTest.php" tests="3" assertions="4" errors="0" failures="0" skipped="0" time="0.007694">
      <testcase name="testGetCode" class="Tests\App\Model\MessageTest" classname="Tests.App.Model.MessageTest" file="/Users/vaisakhpc/code/tests/inz/symfony/tests/Model/MessageTest.php" line="18" assertions="1" time="0.002428"/>
      <testcase name="testGetMessage" class="Tests\App\Model\MessageTest" classname="Tests.App.Model.MessageTest" file="/Users/vaisakhpc/code/tests/inz/symfony/tests/Model/MessageTest.php" line="24" assertions="1" time="0.002815"/>
      <testcase name="testJsonSerialize" class="Tests\App\Model\MessageTest" classname="Tests.App.Model.MessageTest" file="/Users/vaisakhpc/code/tests/inz/symfony/tests/Model/MessageTest.php" line="30" assertions="2" time="0.002451"/>
    </testsuite>
    <testsuite name="Tests\App\Model\OrderTest" file="/Users/vaisakhpc/code/tests/inz/symfony/tests/Model/OrderTest.php" tests="7" assertions="12" errors="0" failures="0" skipped="0" time="0.039297">
      <testcase name="testGetId" class="Tests\App\Model\OrderTest" classname="Tests.App.Model.OrderTest" file="/Users/vaisakhpc/code/tests/inz/symfony/tests/Model/OrderTest.php" line="46" assertions="1" time="0.003534"/>
      <testcase name="testGetCustomer" class="Tests\App\Model\OrderTest" classname="Tests.App.Model.OrderTest" file="/Users/vaisakhpc/code/tests/inz/symfony/tests/Model/OrderTest.php" line="52" assertions="1" time="0.002486"/>
      <testcase name="testGetCreatedAt" class="Tests\App\Model\OrderTest" classname="Tests.App.Model.OrderTest" file="/Users/vaisakhpc/code/tests/inz/symfony/tests/Model/OrderTest.php" line="58" assertions="1" time="0.002612"/>
      <testcase name="testGetStatus" class="Tests\App\Model\OrderTest" classname="Tests.App.Model.OrderTest" file="/Users/vaisakhpc/code/tests/inz/symfony/tests/Model/OrderTest.php" line="64" assertions="1" time="0.002942"/>
      <testcase name="testGetTotalPrice" class="Tests\App\Model\OrderTest" classname="Tests.App.Model.OrderTest" file="/Users/vaisakhpc/code/tests/inz/symfony/tests/Model/OrderTest.php" line="70" assertions="1" time="0.003338"/>
      <testcase name="testGetItemCollection" class="Tests\App\Model\OrderTest" classname="Tests.App.Model.OrderTest" file="/Users/vaisakhpc/code/tests/inz/symfony/tests/Model/OrderTest.php" line="76" assertions="1" time="0.020045"/>
      <testcase name="testJsonSerialize" class="Tests\App\Model\OrderTest" classname="Tests.App.Model.OrderTest" file="/Users/vaisakhpc/code/tests/inz/symfony/tests/Model/OrderTest.php" line="82" assertions="6" time="0.004340"/>
    </testsuite>
    <testsuite name="Tests\App\Model\ProductCollectionTest" file="/Users/vaisakhpc/code/tests/inz/symfony/tests/Model/ProductCollectionTest.php" tests="3" assertions="3" errors="0" failures="0" skipped="0" time="0.008649">
      <testcase name="testAddMethod" class="Tests\App\Model\ProductCollectionTest" classname="Tests.App.Model.ProductCollectionTest" file="/Users/vaisakhpc/code/tests/inz/symfony/tests/Model/ProductCollectionTest.php" line="47" assertions="1" time="0.002821"/>
      <testcase name="testcountMethod" class="Tests\App\Model\ProductCollectionTest" classname="Tests.App.Model.ProductCollectionTest" file="/Users/vaisakhpc/code/tests/inz/symfony/tests/Model/ProductCollectionTest.php" line="55" assertions="1" time="0.003184"/>
      <testcase name="testJsonSerialize" class="Tests\App\Model\ProductCollectionTest" classname="Tests.App.Model.ProductCollectionTest" file="/Users/vaisakhpc/code/tests/inz/symfony/tests/Model/ProductCollectionTest.php" line="64" assertions="1" time="0.002644"/>
    </testsuite>
    <testsuite name="Tests\App\Model\ProductTest" file="/Users/vaisakhpc/code/tests/inz/symfony/tests/Model/ProductTest.php" tests="10" assertions="14" errors="0" failures="0" skipped="0" time="0.038860">
      <testcase name="testGetSku" class="Tests\App\Model\ProductTest" classname="Tests.App.Model.ProductTest" file="/Users/vaisakhpc/code/tests/inz/symfony/tests/Model/ProductTest.php" line="41" assertions="1" time="0.002625"/>
      <testcase name="testGetName" class="Tests\App\Model\ProductTest" classname="Tests.App.Model.ProductTest" file="/Users/vaisakhpc/code/tests/inz/symfony/tests/Model/ProductTest.php" line="47" assertions="1" time="0.002390"/>
      <testcase name="testGetDescription" class="Tests\App\Model\ProductTest" classname="Tests.App.Model.ProductTest" file="/Users/vaisakhpc/code/tests/inz/symfony/tests/Model/ProductTest.php" line="53" assertions="1" time="0.002663"/>
      <testcase name="testGetPrice" class="Tests\App\Model\ProductTest" classname="Tests.App.Model.ProductTest" file="/Users/vaisakhpc/code/tests/inz/symfony/tests/Model/ProductTest.php" line="59" assertions="1" time="0.002597"/>
      <testcase name="testGetBundleFlag" class="Tests\App\Model\ProductTest" classname="Tests.App.Model.ProductTest" file="/Users/vaisakhpc/code/tests/inz/symfony/tests/Model/ProductTest.php" line="65" assertions="1" time="0.002777"/>
      <testcase name="testGetBundles" class="Tests\App\Model\ProductTest" classname="Tests.App.Model.ProductTest" file="/Users/vaisakhpc/code/tests/inz/symfony/tests/Model/ProductTest.php" line="71" assertions="1" time="0.008592"/>
      <testcase name="testGetDiscount" class="Tests\App\Model\ProductTest" classname="Tests.App.Model.ProductTest" file="/Users/vaisakhpc/code/tests/inz/symfony/tests/Model/ProductTest.php" line="77" assertions="1" time="0.008281"/>
      <testcase name="testGetDiscountReturnsValidObj" class="Tests\App\Model\ProductTest" classname="Tests.App.Model.ProductTest" file="/Users/vaisakhpc/code/tests/inz/symfony/tests/Model/ProductTest.php" line="83" assertions="1" time="0.002767"/>
      <testcase name="testGetBundlesCollectionReturnsCollectionObj" class="Tests\App\Model\ProductTest" classname="Tests.App.Model.ProductTest" file="/Users/vaisakhpc/code/tests/inz/symfony/tests/Model/ProductTest.php" line="89" assertions="1" time="0.002543"/>
      <testcase name="testJsonSerialize" class="Tests\App\Model\ProductTest" classname="Tests.App.Model.ProductTest" file="/Users/vaisakhpc/code/tests/inz/symfony/tests/Model/ProductTest.php" line="95" assertions="5" time="0.003625"/>
    </testsuite>
    <testsuite name="Tests\App\Security\UserProviderTest" file="/Users/vaisakhpc/code/tests/inz/symfony/tests/Security/UserProviderTest.php" tests="7" assertions="8" errors="0" failures="0" skipped="0" time="0.087654">
      <testcase name="testValidLoadUserByUsernameForAdmin" class="Tests\App\Security\UserProviderTest" classname="Tests.App.Security.UserProviderTest" file="/Users/vaisakhpc/code/tests/inz/symfony/tests/Security/UserProviderTest.php" line="27" assertions="1" time="0.002366"/>
      <testcase name="testValidLoadUserByUsernameForCustomer" class="Tests\App\Security\UserProviderTest" classname="Tests.App.Security.UserProviderTest" file="/Users/vaisakhpc/code/tests/inz/symfony/tests/Security/UserProviderTest.php" line="34" assertions="2" time="0.002616"/>
      <testcase name="testInValidLoadUserByUsername" class="Tests\App\Security\UserProviderTest" classname="Tests.App.Security.UserProviderTest" file="/Users/vaisakhpc/code/tests/inz/symfony/tests/Security/UserProviderTest.php" line="42" assertions="1" time="0.053212"/>
      <testcase name="testValidRefreshUser" class="Tests\App\Security\UserProviderTest" classname="Tests.App.Security.UserProviderTest" file="/Users/vaisakhpc/code/tests/inz/symfony/tests/Security/UserProviderTest.php" line="49" assertions="1" time="0.002724"/>
      <testcase name="testInValidRefreshUserInstance" class="Tests\App\Security\UserProviderTest" classname="Tests.App.Security.UserProviderTest" file="/Users/vaisakhpc/code/tests/inz/symfony/tests/Security/UserProviderTest.php" line="56" assertions="1" time="0.015900"/>
      <testcase name="testValidSupportsClassMethod" class="Tests\App\Security\UserProviderTest" classname="Tests.App.Security.UserProviderTest" file="/Users/vaisakhpc/code/tests/inz/symfony/tests/Security/UserProviderTest.php" line="66" assertions="1" time="0.005418"/>
      <testcase name="testInValidSupportsClassMethod" class="Tests\App\Security\UserProviderTest" classname="Tests.App.Security.UserProviderTest" file="/Users/vaisakhpc/code/tests/inz/symfony/tests/Security/UserProviderTest.php" line="72" assertions="1" time="0.005418"/>
    </testsuite>
    <testsuite name="Tests\App\Security\UserTest" file="/Users/vaisakhpc/code/tests/inz/symfony/tests/Security/UserTest.php" tests="9" assertions="9" errors="0" failures="0" skipped="0" time="0.021374">
      <testcase name="testGetUserName" class="Tests\App\Security\UserTest" classname="Tests.App.Security.UserTest" file="/Users/vaisakhpc/code/tests/inz/symfony/tests/Security/UserTest.php" line="39" assertions="1" time="0.002367"/>
      <testcase name="testGetPassword" class="Tests\App\Security\UserTest" classname="Tests.App.Security.UserTest" file="/Users/vaisakhpc/code/tests/inz/symfony/tests/Security/UserTest.php" line="45" assertions="1" time="0.002266"/>
      <testcase name="testGetSalt" class="Tests\App\Security\UserTest" classname="Tests.App.Security.UserTest" file="/Users/vaisakhpc/code/tests/inz/symfony/tests/Security/UserTest.php" line="51" assertions="1" time="0.002198"/>
      <testcase name="testGetRoles" class="Tests\App\Security\UserTest" classname="Tests.App.Security.UserTest" file="/Users/vaisakhpc/code/tests/inz/symfony/tests/Security/UserTest.php" line="57" assertions="1" time="0.002198"/>
      <testcase name="testValidCredentials" class="Tests\App\Security\UserTest" classname="Tests.App.Security.UserTest" file="/Users/vaisakhpc/code/tests/inz/symfony/tests/Security/UserTest.php" line="63" assertions="1" time="0.002661"/>
      <testcase name="testInValidUsername" class="Tests\App\Security\UserTest" classname="Tests.App.Security.UserTest" file="/Users/vaisakhpc/code/tests/inz/symfony/tests/Security/UserTest.php" line="69" assertions="1" time="0.002485"/>
      <testcase name="testInValidPassword" class="Tests\App\Security\UserTest" classname="Tests.App.Security.UserTest" file="/Users/vaisakhpc/code/tests/inz/symfony/tests/Security/UserTest.php" line="76" assertions="1" time="0.002299"/>
      <testcase name="testInValidSalt" class="Tests\App\Security\UserTest" classname="Tests.App.Security.UserTest" file="/Users/vaisakhpc/code/tests/inz/symfony/tests/Security/UserTest.php" line="83" assertions="1" time="0.002752"/>
      <testcase name="testEraseCredentials" class="Tests\App\Security\UserTest" classname="Tests.App.Security.UserTest" file="/Users/vaisakhpc/code/tests/inz/symfony/tests/Security/UserTest.php" line="91" assertions="1" time="0.002148"/>
    </testsuite>
    <testsuite name="Tests\App\Service\MapServiceTest" file="/Users/vaisakhpc/code/tests/inz/symfony/tests/Service/MapServiceTest.php" tests="6" assertions="6" errors="0" failures="0" skipped="0" time="0.021327">
      <testcase name="testMapToResponse" class="Tests\App\Service\MapServiceTest" classname="Tests.App.Service.MapServiceTest" file="/Users/vaisakhpc/code/tests/inz/symfony/tests/Service/MapServiceTest.php" line="108" assertions="1" time="0.003205"/>
      <testcase name="testMapToResponseCollection" class="Tests\App\Service\MapServiceTest" classname="Tests.App.Service.MapServiceTest" file="/Users/vaisakhpc/code/tests/inz/symfony/tests/Service/MapServiceTest.php" line="116" assertions="1" time="0.003506"/>
      <testcase name="testMapDiscount" class="Tests\App\Service\MapServiceTest" classname="Tests.App.Service.MapServiceTest" file="/Users/vaisakhpc/code/tests/inz/symfony/tests/Service/MapServiceTest.php" line="124" assertions="1" time="0.003000"/>
      <testcase name="testInValidMapDiscount" class="Tests\App\Service\MapServiceTest" classname="Tests.App.Service.MapServiceTest" file="/Users/vaisakhpc/code/tests/inz/symfony/tests/Service/MapServiceTest.php" line="132" assertions="1" time="0.006021"/>
      <testcase name="testMapToMessage" class="Tests\App\Service\MapServiceTest" classname="Tests.App.Service.MapServiceTest" file="/Users/vaisakhpc/code/tests/inz/symfony/tests/Service/MapServiceTest.php" line="141" assertions="1" time="0.002310"/>
      <testcase name="testMapOrder" class="Tests\App\Service\MapServiceTest" classname="Tests.App.Service.MapServiceTest" file="/Users/vaisakhpc/code/tests/inz/symfony/tests/Service/MapServiceTest.php" line="147" assertions="1" time="0.003285"/>
    </testsuite>
    <testsuite name="Tests\App\Service\ShopServiceTest" file="/Users/vaisakhpc/code/tests/inz/symfony/tests/Service/ShopServiceTest.php" tests="26" assertions="28" errors="0" failures="0" skipped="0" time="0.443732">
      <testcase name="testFetchProductList" class="Tests\App\Service\ShopServiceTest" classname="Tests.App.Service.ShopServiceTest" file="/Users/vaisakhpc/code/tests/inz/symfony/tests/Service/ShopServiceTest.php" line="172" assertions="1" time="0.041338"/>
      <testcase name="testEmptyProductList" class="Tests\App\Service\ShopServiceTest" classname="Tests.App.Service.ShopServiceTest" file="/Users/vaisakhpc/code/tests/inz/symfony/tests/Service/ShopServiceTest.php" line="182" assertions="1" time="0.015557"/>
      <testcase name="testFetchProductBySku" class="Tests\App\Service\ShopServiceTest" classname="Tests.App.Service.ShopServiceTest" file="/Users/vaisakhpc/code/tests/inz/symfony/tests/Service/ShopServiceTest.php" line="193" assertions="1" time="0.013345"/>
      <testcase name="testEmptyProductBySku" class="Tests\App\Service\ShopServiceTest" classname="Tests.App.Service.ShopServiceTest" file="/Users/vaisakhpc/code/tests/inz/symfony/tests/Service/ShopServiceTest.php" line="203" assertions="1" time="0.012644"/>
      <testcase name="testAddProducts" class="Tests\App\Service\ShopServiceTest" classname="Tests.App.Service.ShopServiceTest" file="/Users/vaisakhpc/code/tests/inz/symfony/tests/Service/ShopServiceTest.php" line="214" assertions="2" time="0.011211"/>
      <testcase name="testInvalidAddProductsErrorFromRepository" class="Tests\App\Service\ShopServiceTest" classname="Tests.App.Service.ShopServiceTest" file="/Users/vaisakhpc/code/tests/inz/symfony/tests/Service/ShopServiceTest.php" line="225" assertions="1" time="0.028316"/>
      <testcase name="testInvalidAddProductsErrorAfterValidation" class="Tests\App\Service\ShopServiceTest" classname="Tests.App.Service.ShopServiceTest" file="/Users/vaisakhpc/code/tests/inz/symfony/tests/Service/ShopServiceTest.php" line="235" assertions="1" time="0.013441"/>
      <testcase name="testRemoveProduct" class="Tests\App\Service\ShopServiceTest" classname="Tests.App.Service.ShopServiceTest" file="/Users/vaisakhpc/code/tests/inz/symfony/tests/Service/ShopServiceTest.php" line="245" assertions="2" time="0.015689"/>
      <testcase name="testInvlidRemoveProductWithNoSku" class="Tests\App\Service\ShopServiceTest" classname="Tests.App.Service.ShopServiceTest" file="/Users/vaisakhpc/code/tests/inz/symfony/tests/Service/ShopServiceTest.php" line="257" assertions="1" time="0.010892"/>
      <testcase name="testInvalidRemoveProductWithIssueInRepository" class="Tests\App\Service\ShopServiceTest" classname="Tests.App.Service.ShopServiceTest" file="/Users/vaisakhpc/code/tests/inz/symfony/tests/Service/ShopServiceTest.php" line="267" assertions="1" time="0.015945"/>
      <testcase name="testValidSetPrice" class="Tests\App\Service\ShopServiceTest" classname="Tests.App.Service.ShopServiceTest" file="/Users/vaisakhpc/code/tests/inz/symfony/tests/Service/ShopServiceTest.php" line="278" assertions="1" time="0.022833"/>
      <testcase name="testInValidSetPrice" class="Tests\App\Service\ShopServiceTest" classname="Tests.App.Service.ShopServiceTest" file="/Users/vaisakhpc/code/tests/inz/symfony/tests/Service/ShopServiceTest.php" line="289" assertions="1" time="0.015516"/>
      <testcase name="testValidSetDiscount" class="Tests\App\Service\ShopServiceTest" classname="Tests.App.Service.ShopServiceTest" file="/Users/vaisakhpc/code/tests/inz/symfony/tests/Service/ShopServiceTest.php" line="301" assertions="1" time="0.017028"/>
      <testcase name="testInValidSetDiscountForInvalidProduct" class="Tests\App\Service\ShopServiceTest" classname="Tests.App.Service.ShopServiceTest" file="/Users/vaisakhpc/code/tests/inz/symfony/tests/Service/ShopServiceTest.php" line="311" assertions="1" time="0.012587"/>
      <testcase name="testInValidSetDiscountWithFailedValidation" class="Tests\App\Service\ShopServiceTest" classname="Tests.App.Service.ShopServiceTest" file="/Users/vaisakhpc/code/tests/inz/symfony/tests/Service/ShopServiceTest.php" line="321" assertions="1" time="0.012147"/>
      <testcase name="testRemoveDiscount" class="Tests\App\Service\ShopServiceTest" classname="Tests.App.Service.ShopServiceTest" file="/Users/vaisakhpc/code/tests/inz/symfony/tests/Service/ShopServiceTest.php" line="331" assertions="1" time="0.022098"/>
      <testcase name="testInValidRemoveDiscountForInvalidProduct" class="Tests\App\Service\ShopServiceTest" classname="Tests.App.Service.ShopServiceTest" file="/Users/vaisakhpc/code/tests/inz/symfony/tests/Service/ShopServiceTest.php" line="342" assertions="1" time="0.009407"/>
      <testcase name="testInValidRemoveDiscountWithRepositoryException" class="Tests\App\Service\ShopServiceTest" classname="Tests.App.Service.ShopServiceTest" file="/Users/vaisakhpc/code/tests/inz/symfony/tests/Service/ShopServiceTest.php" line="352" assertions="1" time="0.020225"/>
      <testcase name="testInValidRemoveDiscountWithNonExistingDiscount" class="Tests\App\Service\ShopServiceTest" classname="Tests.App.Service.ShopServiceTest" file="/Users/vaisakhpc/code/tests/inz/symfony/tests/Service/ShopServiceTest.php" line="364" assertions="1" time="0.012817"/>
      <testcase name="testCreateBundle" class="Tests\App\Service\ShopServiceTest" classname="Tests.App.Service.ShopServiceTest" file="/Users/vaisakhpc/code/tests/inz/symfony/tests/Service/ShopServiceTest.php" line="375" assertions="1" time="0.021961"/>
      <testcase name="testInvalidCreateBundle" class="Tests\App\Service\ShopServiceTest" classname="Tests.App.Service.ShopServiceTest" file="/Users/vaisakhpc/code/tests/inz/symfony/tests/Service/ShopServiceTest.php" line="386" assertions="1" time="0.013872"/>
      <testcase name="testSubmitOrder" class="Tests\App\Service\ShopServiceTest" classname="Tests.App.Service.ShopServiceTest" file="/Users/vaisakhpc/code/tests/inz/symfony/tests/Service/ShopServiceTest.php" line="398" assertions="1" time="0.024071"/>
      <testcase name="testSubmitOrderWithPercentDiscount" class="Tests\App\Service\ShopServiceTest" classname="Tests.App.Service.ShopServiceTest" file="/Users/vaisakhpc/code/tests/inz/symfony/tests/Service/ShopServiceTest.php" line="409" assertions="1" time="0.023583"/>
      <testcase name="testInvalidSubmitOrder" class="Tests\App\Service\ShopServiceTest" classname="Tests.App.Service.ShopServiceTest" file="/Users/vaisakhpc/code/tests/inz/symfony/tests/Service/ShopServiceTest.php" line="422" assertions="1" time="0.008759"/>
      <testcase name="testGetOrder" class="Tests\App\Service\ShopServiceTest" classname="Tests.App.Service.ShopServiceTest" file="/Users/vaisakhpc/code/tests/inz/symfony/tests/Service/ShopServiceTest.php" line="432" assertions="1" time="0.019898"/>
      <testcase name="testInvalidGetOrder" class="Tests\App\Service\ShopServiceTest" classname="Tests.App.Service.ShopServiceTest" file="/Users/vaisakhpc/code/tests/inz/symfony/tests/Service/ShopServiceTest.php" line="443" assertions="1" time="0.008552"/>
    </testsuite>
    <testsuite name="Tests\App\Service\UserServiceTest" file="/Users/vaisakhpc/code/tests/inz/symfony/tests/Service/UserServiceTest.php" tests="2" assertions="2" errors="0" failures="0" skipped="0" time="0.015302">
      <testcase name="testFetchUserInfo" class="Tests\App\Service\UserServiceTest" classname="Tests.App.Service.UserServiceTest" file="/Users/vaisakhpc/code/tests/inz/symfony/tests/Service/UserServiceTest.php" line="36" assertions="1" time="0.009333"/>
      <testcase name="testNonUser" class="Tests\App\Service\UserServiceTest" classname="Tests.App.Service.UserServiceTest" file="/Users/vaisakhpc/code/tests/inz/symfony/tests/Service/UserServiceTest.php" line="45" assertions="1" time="0.005969"/>
    </testsuite>
    <testsuite name="Tests\App\Service\ValidateServiceTest" file="/Users/vaisakhpc/code/tests/inz/symfony/tests/Service/ValidateServiceTest.php" tests="10" assertions="10" errors="0" failures="0" skipped="0" time="0.056513">
      <testcase name="testValidateProductRequest" class="Tests\App\Service\ValidateServiceTest" classname="Tests.App.Service.ValidateServiceTest" file="/Users/vaisakhpc/code/tests/inz/symfony/tests/Service/ValidateServiceTest.php" line="89" assertions="1" time="0.005585"/>
      <testcase name="testValidateProductRequestWithExistingProduct" class="Tests\App\Service\ValidateServiceTest" classname="Tests.App.Service.ValidateServiceTest" file="/Users/vaisakhpc/code/tests/inz/symfony/tests/Service/ValidateServiceTest.php" line="100" assertions="1" time="0.006146"/>
      <testcase name="testInValidProductsWithEmptyValues" class="Tests\App\Service\ValidateServiceTest" classname="Tests.App.Service.ValidateServiceTest" file="/Users/vaisakhpc/code/tests/inz/symfony/tests/Service/ValidateServiceTest.php" line="111" assertions="1" time="0.005457"/>
      <testcase name="testInValidProductsWithInvalidPrice" class="Tests\App\Service\ValidateServiceTest" classname="Tests.App.Service.ValidateServiceTest" file="/Users/vaisakhpc/code/tests/inz/symfony/tests/Service/ValidateServiceTest.php" line="122" assertions="1" time="0.005855"/>
      <testcase name="testInValidProductsWithInvalidDiscountValue" class="Tests\App\Service\ValidateServiceTest" classname="Tests.App.Service.ValidateServiceTest" file="/Users/vaisakhpc/code/tests/inz/symfony/tests/Service/ValidateServiceTest.php" line="133" assertions="1" time="0.006066"/>
      <testcase name="testInValidProductsWithInvalidDiscountType" class="Tests\App\Service\ValidateServiceTest" classname="Tests.App.Service.ValidateServiceTest" file="/Users/vaisakhpc/code/tests/inz/symfony/tests/Service/ValidateServiceTest.php" line="144" assertions="1" time="0.006994"/>
      <testcase name="testValidateDiscountRequest" class="Tests\App\Service\ValidateServiceTest" classname="Tests.App.Service.ValidateServiceTest" file="/Users/vaisakhpc/code/tests/inz/symfony/tests/Service/ValidateServiceTest.php" line="155" assertions="1" time="0.004770"/>
      <testcase name="testInvalidValidateDiscountRequestWithEmptyValues" class="Tests\App\Service\ValidateServiceTest" classname="Tests.App.Service.ValidateServiceTest" file="/Users/vaisakhpc/code/tests/inz/symfony/tests/Service/ValidateServiceTest.php" line="163" assertions="1" time="0.005988"/>
      <testcase name="testInvalidValidateDiscountRequestWithInvalidType" class="Tests\App\Service\ValidateServiceTest" classname="Tests.App.Service.ValidateServiceTest" file="/Users/vaisakhpc/code/tests/inz/symfony/tests/Service/ValidateServiceTest.php" line="171" assertions="1" time="0.004598"/>
      <testcase name="testInvalidValidateDiscountRequestWithInvalidValue" class="Tests\App\Service\ValidateServiceTest" classname="Tests.App.Service.ValidateServiceTest" file="/Users/vaisakhpc/code/tests/inz/symfony/tests/Service/ValidateServiceTest.php" line="179" assertions="1" time="0.005054"/>
    </testsuite>
  </testsuite>
</testsuites>
